<?xml version="1.0" encoding="UTF-8"?>
<testsuite name="demo.ApplicationTests" tests="1" failures="0" errors="0" timestamp="2015-04-26T21:53:59" hostname="Tonys-MacBook-Air.local" time="1.609">
  <properties/>
  <testcase name="contextLoads" classname="demo.ApplicationTests" time="1.609"/>
  <system-out><![CDATA[14:53:58.880 [Test worker] DEBUG o.s.t.c.j.SpringJUnit4ClassRunner - SpringJUnit4ClassRunner constructor called with [class demo.ApplicationTests].
14:53:58.984 [Test worker] DEBUG o.s.test.context.ContextLoaderUtils - Found explicit ContextLoader class [org.springframework.boot.test.SpringApplicationContextLoader] for context configuration attributes [ContextConfigurationAttributes@3bbfa8f1 declaringClass = 'demo.ApplicationTests', locations = '{}', classes = '{class demo.Application}', inheritLocations = true, initializers = '{}', inheritInitializers = true, name = [null], contextLoaderClass = 'org.springframework.boot.test.SpringApplicationContextLoader']
14:53:58.997 [Test worker] DEBUG o.s.test.context.ContextLoaderUtils - Could not find an 'annotation declaring class' for annotation type [org.springframework.test.context.ActiveProfiles] and class [demo.ApplicationTests]
14:53:59.004 [Test worker] DEBUG o.s.test.context.TestContextManager - @TestExecutionListeners is not present for class [class demo.ApplicationTests]: using defaults.
14:53:59.018 [Test worker] INFO  o.s.test.context.TestContextManager - Could not instantiate TestExecutionListener class [org.springframework.test.context.transaction.TransactionalTestExecutionListener]. Specify custom listener classes or make the default listener classes (and their dependencies) available.
14:53:59.024 [Test worker] DEBUG o.s.t.annotation.ProfileValueUtils - Retrieved @ProfileValueSourceConfiguration [null] for test class [demo.ApplicationTests]
14:53:59.024 [Test worker] DEBUG o.s.t.annotation.ProfileValueUtils - Retrieved ProfileValueSource type [class org.springframework.test.annotation.SystemProfileValueSource] for class [demo.ApplicationTests]
14:53:59.029 [Test worker] DEBUG o.s.t.annotation.ProfileValueUtils - Retrieved @ProfileValueSourceConfiguration [null] for test class [demo.ApplicationTests]
14:53:59.030 [Test worker] DEBUG o.s.t.annotation.ProfileValueUtils - Retrieved ProfileValueSource type [class org.springframework.test.annotation.SystemProfileValueSource] for class [demo.ApplicationTests]
14:53:59.032 [Test worker] DEBUG o.s.t.annotation.ProfileValueUtils - Retrieved @ProfileValueSourceConfiguration [null] for test class [demo.ApplicationTests]
14:53:59.033 [Test worker] DEBUG o.s.t.annotation.ProfileValueUtils - Retrieved ProfileValueSource type [class org.springframework.test.annotation.SystemProfileValueSource] for class [demo.ApplicationTests]
14:53:59.038 [Test worker] DEBUG o.s.t.annotation.ProfileValueUtils - Retrieved @ProfileValueSourceConfiguration [null] for test class [demo.ApplicationTests]
14:53:59.039 [Test worker] DEBUG o.s.t.annotation.ProfileValueUtils - Retrieved ProfileValueSource type [class org.springframework.test.annotation.SystemProfileValueSource] for class [demo.ApplicationTests]

  .   ____          _            __ _ _
 /\\ / ___'_ __ _ _(_)_ __  __ _ \ \ \ \
( ( )\___ | '_ | '_| | '_ \/ _` | \ \ \ \
 \\/  ___)| |_)| | | | | || (_| |  ) ) ) )
  '  |____| .__|_| |_|_| |_\__, | / / / /
 =========|_|==============|___/=/_/_/_/
 :: Spring Boot ::        (v1.0.1.RELEASE)

2015-04-26 14:54:00.285  INFO 13447 --- [    Test worker] o.s.boot.SpringApplication               : Starting application on Tonys-MacBook-Air.local with PID 13447 (/Users/anthonyhayes/.gradle/caches/modules-2/files-2.1/org.springframework.boot/spring-boot/1.0.1.RELEASE/c2156bf828dbab62811b73f9844abdabaa98680a/spring-boot-1.0.1.RELEASE.jar started by anthonyhayes)
2015-04-26 14:54:00.556  INFO 13447 --- [    Test worker] o.s.w.c.s.GenericWebApplicationContext   : Refreshing org.springframework.web.context.support.GenericWebApplicationContext@297b0d9d: startup date [Sun Apr 26 14:54:00 PDT 2015]; root of context hierarchy
2015-04-26 14:54:00.634  INFO 13447 --- [    Test worker] o.s.boot.SpringApplication               : Started application in 1.368 seconds (JVM running for 3.171)
]]></system-out>
  <system-err><![CDATA[]]></system-err>
</testsuite>
